2024-12-09 20:15:14 - PHP Warning:  chmod(): Operation not permitted in /var/www/html/system/storage/vendor/twig/twig/src/Cache/FilesystemCache.php on line 62
2024-12-09 20:15:14 - PHP Warning:  chmod(): Operation not permitted in /var/www/html/system/storage/vendor/twig/twig/src/Cache/FilesystemCache.php on line 62
2024-12-09 20:15:15 - PHP Warning:  chmod(): Operation not permitted in /var/www/html/system/storage/vendor/twig/twig/src/Cache/FilesystemCache.php on line 62
2024-12-09 20:15:15 - PHP Warning:  chmod(): Operation not permitted in /var/www/html/system/storage/vendor/twig/twig/src/Cache/FilesystemCache.php on line 62
2024-12-09 20:15:18 - PHP Warning:  chmod(): Operation not permitted in /var/www/html/system/storage/vendor/twig/twig/src/Cache/FilesystemCache.php on line 62
2024-12-09 20:15:21 - PHP Warning:  chmod(): Operation not permitted in /var/www/html/system/storage/vendor/twig/twig/src/Cache/FilesystemCache.php on line 62
2024-12-09 20:15:54 - PHP Warning:  chmod(): Operation not permitted in /var/www/html/system/storage/vendor/twig/twig/src/Cache/FilesystemCache.php on line 62
2024-12-09 20:16:07 - PHP Warning: chmod(): Operation not permitted
File: /var/www/html/system/storage/vendor/twig/twig/src/Cache/FilesystemCache.php
Line: 62

2024-12-09 20:16:07 - PHP Warning: chmod(): Operation not permitted
File: /var/www/html/system/storage/vendor/twig/twig/src/Cache/FilesystemCache.php
Line: 62

2024-12-09 20:16:07 - PHP Warning: chmod(): Operation not permitted
File: /var/www/html/system/storage/vendor/twig/twig/src/Cache/FilesystemCache.php
Line: 62

2024-12-09 20:16:11 - PHP Warning: chmod(): Operation not permitted
File: /var/www/html/system/storage/vendor/twig/twig/src/Cache/FilesystemCache.php
Line: 62

2024-12-09 20:16:11 - PHP Warning: chmod(): Operation not permitted
File: /var/www/html/system/storage/vendor/twig/twig/src/Cache/FilesystemCache.php
Line: 62

2024-12-09 20:16:12 - PHP Warning: chmod(): Operation not permitted
File: /var/www/html/system/storage/vendor/twig/twig/src/Cache/FilesystemCache.php
Line: 62

2024-12-09 20:16:12 - PHP Warning: chmod(): Operation not permitted
File: /var/www/html/system/storage/vendor/twig/twig/src/Cache/FilesystemCache.php
Line: 62

2024-12-09 20:16:12 - PHP Warning: chmod(): Operation not permitted
File: /var/www/html/system/storage/vendor/twig/twig/src/Cache/FilesystemCache.php
Line: 62

2024-12-09 20:16:12 - PHP Warning: chmod(): Operation not permitted
File: /var/www/html/system/storage/vendor/twig/twig/src/Cache/FilesystemCache.php
Line: 62

2024-12-09 20:16:12 - PHP Warning: chmod(): Operation not permitted
File: /var/www/html/system/storage/vendor/twig/twig/src/Cache/FilesystemCache.php
Line: 62

2024-12-09 20:16:12 - PHP Warning: chmod(): Operation not permitted
File: /var/www/html/system/storage/vendor/twig/twig/src/Cache/FilesystemCache.php
Line: 62

2024-12-09 20:16:12 - PHP Warning: chmod(): Operation not permitted
File: /var/www/html/system/storage/vendor/twig/twig/src/Cache/FilesystemCache.php
Line: 62

2024-12-09 20:16:13 - PHP Warning: chmod(): Operation not permitted
File: /var/www/html/system/storage/vendor/twig/twig/src/Cache/FilesystemCache.php
Line: 62

2024-12-09 20:16:13 - PHP Warning: chmod(): Operation not permitted
File: /var/www/html/system/storage/vendor/twig/twig/src/Cache/FilesystemCache.php
Line: 62

2024-12-09 20:16:13 - PHP Warning: chmod(): Operation not permitted
File: /var/www/html/system/storage/vendor/twig/twig/src/Cache/FilesystemCache.php
Line: 62

2024-12-09 20:16:25 - PHP Warning:  chmod(): Operation not permitted in /var/www/html/system/storage/vendor/twig/twig/src/Cache/FilesystemCache.php on line 62
2024-12-09 20:16:25 - PHP Warning:  chmod(): Operation not permitted in /var/www/html/system/storage/vendor/twig/twig/src/Cache/FilesystemCache.php on line 62
2024-12-09 20:16:26 - PHP Warning:  chmod(): Operation not permitted in /var/www/html/system/storage/vendor/twig/twig/src/Cache/FilesystemCache.php on line 62
2024-12-09 20:16:26 - PHP Warning:  chmod(): Operation not permitted in /var/www/html/system/storage/vendor/twig/twig/src/Cache/FilesystemCache.php on line 62
2024-12-09 20:16:26 - PHP Warning:  chmod(): Operation not permitted in /var/www/html/system/storage/vendor/twig/twig/src/Cache/FilesystemCache.php on line 62
2024-12-09 20:16:26 - PHP Warning:  chmod(): Operation not permitted in /var/www/html/system/storage/vendor/twig/twig/src/Cache/FilesystemCache.php on line 62
2024-12-09 20:16:27 - PHP Warning:  chmod(): Operation not permitted in /var/www/html/system/storage/vendor/twig/twig/src/Cache/FilesystemCache.php on line 62
2024-12-09 20:16:27 - PHP Warning:  chmod(): Operation not permitted in /var/www/html/system/storage/vendor/twig/twig/src/Cache/FilesystemCache.php on line 62
2024-12-09 20:16:27 - PHP Warning:  chmod(): Operation not permitted in /var/www/html/system/storage/vendor/twig/twig/src/Cache/FilesystemCache.php on line 62
2024-12-09 20:16:27 - PHP Warning:  chmod(): Operation not permitted in /var/www/html/system/storage/vendor/twig/twig/src/Cache/FilesystemCache.php on line 62
2024-12-09 20:16:27 - PHP Warning:  chmod(): Operation not permitted in /var/www/html/system/storage/vendor/twig/twig/src/Cache/FilesystemCache.php on line 62
2024-12-09 20:16:28 - PHP Warning:  chmod(): Operation not permitted in /var/www/html/system/storage/vendor/twig/twig/src/Cache/FilesystemCache.php on line 62
2024-12-09 20:16:28 - PHP Warning:  chmod(): Operation not permitted in /var/www/html/system/storage/vendor/twig/twig/src/Cache/FilesystemCache.php on line 62
2024-12-09 20:16:28 - PHP Warning:  chmod(): Operation not permitted in /var/www/html/system/storage/vendor/twig/twig/src/Cache/FilesystemCache.php on line 62
2024-12-09 20:16:28 - PHP Warning:  chmod(): Operation not permitted in /var/www/html/system/storage/vendor/twig/twig/src/Cache/FilesystemCache.php on line 62
2024-12-09 20:32:35 - PHP Warning:  chmod(): Operation not permitted in /var/www/html/system/storage/vendor/twig/twig/src/Cache/FilesystemCache.php on line 62
2024-12-09 20:32:35 - PHP Warning:  chmod(): Operation not permitted in /var/www/html/system/storage/vendor/twig/twig/src/Cache/FilesystemCache.php on line 62
2024-12-09 20:32:37 - PHP Warning:  chmod(): Operation not permitted in /var/www/html/system/storage/vendor/twig/twig/src/Cache/FilesystemCache.php on line 62
2024-12-09 20:33:32 - PHP Warning: chmod(): Operation not permitted
File: /var/www/html/system/storage/vendor/twig/twig/src/Cache/FilesystemCache.php
Line: 62

2024-12-09 20:33:32 - PHP Warning: chmod(): Operation not permitted
File: /var/www/html/system/storage/vendor/twig/twig/src/Cache/FilesystemCache.php
Line: 62

2024-12-09 20:33:33 - PHP Warning: chmod(): Operation not permitted
File: /var/www/html/system/storage/vendor/twig/twig/src/Cache/FilesystemCache.php
Line: 62

2024-12-09 20:33:46 - PHP Warning: chmod(): Operation not permitted
File: /var/www/html/system/storage/vendor/twig/twig/src/Cache/FilesystemCache.php
Line: 62

2024-12-09 20:33:46 - PHP Warning: chmod(): Operation not permitted
File: /var/www/html/system/storage/vendor/twig/twig/src/Cache/FilesystemCache.php
Line: 62

2024-12-09 20:34:12 - PHP Warning: chmod(): Operation not permitted
File: /var/www/html/system/storage/vendor/twig/twig/src/Cache/FilesystemCache.php
Line: 62

2024-12-09 20:34:12 - PHP Warning: chmod(): Operation not permitted
File: /var/www/html/system/storage/vendor/twig/twig/src/Cache/FilesystemCache.php
Line: 62

2024-12-09 20:34:20 - PHP Warning: chmod(): Operation not permitted
File: /var/www/html/system/storage/vendor/twig/twig/src/Cache/FilesystemCache.php
Line: 62

2024-12-09 20:35:05 - PHP Warning:  chmod(): Operation not permitted in /var/www/html/system/storage/vendor/twig/twig/src/Cache/FilesystemCache.php on line 62
2024-12-09 20:35:05 - PHP Warning:  chmod(): Operation not permitted in /var/www/html/system/storage/vendor/twig/twig/src/Cache/FilesystemCache.php on line 62
2024-12-09 20:35:05 - PHP Warning:  chmod(): Operation not permitted in /var/www/html/system/storage/vendor/twig/twig/src/Cache/FilesystemCache.php on line 62
2024-12-09 20:35:05 - PHP Warning:  chmod(): Operation not permitted in /var/www/html/system/storage/vendor/twig/twig/src/Cache/FilesystemCache.php on line 62
2024-12-09 20:35:06 - PHP Warning:  chmod(): Operation not permitted in /var/www/html/system/storage/vendor/twig/twig/src/Cache/FilesystemCache.php on line 62
2024-12-09 20:35:22 - PHP Warning:  chmod(): Operation not permitted in /var/www/html/system/storage/vendor/twig/twig/src/Cache/FilesystemCache.php on line 62
2024-12-09 20:35:22 - PHP Warning:  chmod(): Operation not permitted in /var/www/html/system/storage/vendor/twig/twig/src/Cache/FilesystemCache.php on line 62
2024-12-09 20:35:22 - PHP Warning:  chmod(): Operation not permitted in /var/www/html/system/storage/vendor/twig/twig/src/Cache/FilesystemCache.php on line 62
2024-12-09 20:35:22 - PHP Warning:  chmod(): Operation not permitted in /var/www/html/system/storage/vendor/twig/twig/src/Cache/FilesystemCache.php on line 62
2024-12-09 20:35:23 - PHP Warning:  chmod(): Operation not permitted in /var/www/html/system/storage/vendor/twig/twig/src/Cache/FilesystemCache.php on line 62
2024-12-09 20:48:57 - Class "Opencart\Catalog\Controller\Product\RecombeeHelper" not found in /var/www/html/catalog/controller/product/product.php on line 525
2024-12-09 20:52:02 - Class "Opencart\Catalog\Controller\Product\RecombeeHelper" not found in /var/www/html/catalog/controller/product/product.php on line 525
2024-12-09 20:52:51 - Class "Recombee\RecommApi\Requests\Request" not found in /var/www/html/RecommApi/Requests/AddDetailView.php on line 15
2024-12-09 20:56:37 - Class "Opencart\Catalog\Controller\Product\RecombeeHelper" not found in /var/www/html/catalog/controller/product/product.php on line 529
2024-12-09 20:57:19 - Class "Opencart\Catalog\Controller\Product\RecombeeHelper" not found in /var/www/html/catalog/controller/product/product.php on line 529
2024-12-09 20:58:16 - Class "RecombeeHelper" not found in /var/www/html/catalog/controller/product/product.php on line 529
2024-12-09 20:59:48 - Class "Client" not found in /var/www/html/system/helper/recombee.php on line 7
2024-12-09 21:00:05 - Class "Client" not found in /var/www/html/system/helper/recombee.php on line 7
2024-12-09 21:00:12 - Class "Reqs\RecommendItemsToUser" not found in /var/www/html/system/helper/recombee.php on line 40
2024-12-09 21:00:30 - Class "Opencart\Catalog\Controller\Product\RecombeeHelper" not found in /var/www/html/catalog/controller/product/product.php on line 529
2024-12-09 21:00:56 - Class "Opencart\Catalog\Controller\Product\RecombeeHelper" not found in /var/www/html/catalog/controller/product/product.php on line 529
2024-12-09 21:01:18 - Class "Opencart\Catalog\Controller\Product\RecombeeHelper" not found in /var/www/html/catalog/controller/product/product.php on line 530
2024-12-09 21:01:29 - Class "Recombee\RecommApi\Requests\RecommendItemsToUser" not found in /var/www/html/system/helper/recombee.php on line 43
2024-12-09 21:02:54 - Class "Recombee\RecommApi\Requests\Request" not found in /var/www/html/RecommApi/Requests/AddBookmark.php on line 15
2024-12-09 21:06:50 - Class "RecombeeHelper" not found in /var/www/html/catalog/controller/product/product.php on line 529
2024-12-09 21:07:33 - Class "Recombee\RecommApi\Client" not found in /var/www/html/system/helper/recombee.php on line 10
2024-12-09 21:09:44 - PHP Warning:  chmod(): Operation not permitted in /var/www/html/system/storage/vendor/twig/twig/src/Cache/FilesystemCache.php on line 62
2024-12-09 21:14:45 - PHP Warning: chmod(): Operation not permitted
File: /var/www/html/system/storage/vendor/twig/twig/src/Cache/FilesystemCache.php
Line: 62

2024-12-09 21:14:47 - PHP Warning: chmod(): Operation not permitted
File: /var/www/html/system/storage/vendor/twig/twig/src/Cache/FilesystemCache.php
Line: 62

2024-12-09 21:14:47 - PHP Warning: chmod(): Operation not permitted
File: /var/www/html/system/storage/vendor/twig/twig/src/Cache/FilesystemCache.php
Line: 62

2024-12-09 21:14:53 - PHP Warning: chmod(): Operation not permitted
File: /var/www/html/system/storage/vendor/twig/twig/src/Cache/FilesystemCache.php
Line: 62

2024-12-09 21:14:53 - PHP Warning: chmod(): Operation not permitted
File: /var/www/html/system/storage/vendor/twig/twig/src/Cache/FilesystemCache.php
Line: 62

2024-12-09 21:14:57 - PHP Warning: chmod(): Operation not permitted
File: /var/www/html/system/storage/vendor/twig/twig/src/Cache/FilesystemCache.php
Line: 62

2024-12-09 21:20:06 - Class "Opencart\Catalog\Controller\Product\RecombeeHelper" not found in /var/www/html/catalog/controller/product/product.php on line 24
2024-12-09 21:20:25 - Too few arguments to function Opencart\System\Library\Cart\Currency::format(), 1 passed in /var/www/html/catalog/controller/product/product.php on line 547 and at least 2 expected in /var/www/html/system/library/cart/currency.php on line 48
2024-12-09 21:23:04 - Class "RecombeeHelper" not found in /var/www/html/catalog/controller/checkout/cart.php on line 331
2024-12-09 21:23:43 - Class "RecombeeHelper" not found in /var/www/html/catalog/controller/checkout/cart.php on line 331
2024-12-09 21:28:29 - PHP Warning:  chmod(): Operation not permitted in /var/www/html/system/storage/vendor/twig/twig/src/Cache/FilesystemCache.php on line 62
2024-12-09 21:28:29 - PHP Warning:  chmod(): Operation not permitted in /var/www/html/system/storage/vendor/twig/twig/src/Cache/FilesystemCache.php on line 62
2024-12-09 21:29:22 - PHP Warning:  chmod(): Operation not permitted in /var/www/html/system/storage/vendor/twig/twig/src/Cache/FilesystemCache.php on line 62
2024-12-10 19:06:00 - PHP Warning: chmod(): Operation not permitted
File: /var/www/html/system/storage/vendor/twig/twig/src/Cache/FilesystemCache.php
Line: 62

2024-12-10 19:06:01 - PHP Warning: chmod(): Operation not permitted
File: /var/www/html/system/storage/vendor/twig/twig/src/Cache/FilesystemCache.php
Line: 62

2024-12-10 19:06:13 - PHP Warning: chmod(): Operation not permitted
File: /var/www/html/system/storage/vendor/twig/twig/src/Cache/FilesystemCache.php
Line: 62

2024-12-10 19:06:14 - PHP Warning: chmod(): Operation not permitted
File: /var/www/html/system/storage/vendor/twig/twig/src/Cache/FilesystemCache.php
Line: 62

2024-12-10 19:06:28 - PHP Warning: chmod(): Operation not permitted
File: /var/www/html/system/storage/vendor/twig/twig/src/Cache/FilesystemCache.php
Line: 62

2024-12-10 19:06:28 - PHP Warning: chmod(): Operation not permitted
File: /var/www/html/system/storage/vendor/twig/twig/src/Cache/FilesystemCache.php
Line: 62

2024-12-10 19:06:33 - PHP Warning: chmod(): Operation not permitted
File: /var/www/html/system/storage/vendor/twig/twig/src/Cache/FilesystemCache.php
Line: 62

2024-12-10 19:08:08 - PHP Warning: chmod(): Operation not permitted
File: /var/www/html/system/storage/vendor/twig/twig/src/Cache/FilesystemCache.php
Line: 62

2024-12-10 19:08:09 - PHP Warning: chmod(): Operation not permitted
File: /var/www/html/system/storage/vendor/twig/twig/src/Cache/FilesystemCache.php
Line: 62

2024-12-10 19:12:14 - PHP Warning:  chmod(): Operation not permitted in /var/www/html/system/storage/vendor/twig/twig/src/Cache/FilesystemCache.php on line 62
2024-12-10 19:12:50 - PHP Warning:  chmod(): Operation not permitted in /var/www/html/system/storage/vendor/twig/twig/src/Cache/FilesystemCache.php on line 62
2024-12-10 19:14:28 - PHP Warning:  chmod(): Operation not permitted in /var/www/html/system/storage/vendor/twig/twig/src/Cache/FilesystemCache.php on line 62
2024-12-10 19:14:28 - PHP Warning:  Array to string conversion in /var/www/html/system/storage/cache/template/da/dab6eb90b3cb940fd5b3bb824965b8b6.php on line 1109
2024-12-10 19:14:28 - PHP Warning:  Array to string conversion in /var/www/html/system/storage/cache/template/da/dab6eb90b3cb940fd5b3bb824965b8b6.php on line 1109
2024-12-10 19:14:28 - PHP Warning:  Array to string conversion in /var/www/html/system/storage/cache/template/da/dab6eb90b3cb940fd5b3bb824965b8b6.php on line 1109
2024-12-10 19:14:28 - PHP Warning:  Array to string conversion in /var/www/html/system/storage/cache/template/da/dab6eb90b3cb940fd5b3bb824965b8b6.php on line 1109
2024-12-10 19:14:28 - PHP Warning:  Array to string conversion in /var/www/html/system/storage/cache/template/da/dab6eb90b3cb940fd5b3bb824965b8b6.php on line 1109
2024-12-10 19:14:28 - PHP Warning:  Array to string conversion in /var/www/html/system/storage/cache/template/da/dab6eb90b3cb940fd5b3bb824965b8b6.php on line 1109
2024-12-10 19:14:28 - PHP Warning:  Array to string conversion in /var/www/html/system/storage/cache/template/da/dab6eb90b3cb940fd5b3bb824965b8b6.php on line 1109
2024-12-10 19:14:28 - PHP Warning:  Array to string conversion in /var/www/html/system/storage/cache/template/da/dab6eb90b3cb940fd5b3bb824965b8b6.php on line 1109
2024-12-10 19:14:28 - PHP Warning:  Array to string conversion in /var/www/html/system/storage/cache/template/da/dab6eb90b3cb940fd5b3bb824965b8b6.php on line 1109
2024-12-10 19:14:28 - PHP Warning:  Array to string conversion in /var/www/html/system/storage/cache/template/da/dab6eb90b3cb940fd5b3bb824965b8b6.php on line 1109
2024-12-10 19:14:47 - PHP Warning:  chmod(): Operation not permitted in /var/www/html/system/storage/vendor/twig/twig/src/Cache/FilesystemCache.php on line 62
2025-01-13 18:02:29 - PHP Warning: chmod(): Operation not permitted
File: /var/www/html/system/storage/vendor/twig/twig/src/Cache/FilesystemCache.php
Line: 62

2025-01-13 18:43:15 - PHP Warning:  chmod(): Operation not permitted in /var/www/html/system/storage/vendor/twig/twig/src/Cache/FilesystemCache.php on line 62
2025-01-13 19:14:09 - PHP Warning:  chmod(): Operation not permitted in /var/www/html/system/storage/vendor/twig/twig/src/Cache/FilesystemCache.php on line 62
2025-01-13 19:14:09 - PHP Warning:  chmod(): Operation not permitted in /var/www/html/system/storage/vendor/twig/twig/src/Cache/FilesystemCache.php on line 62
